ERROR:root:{'api_version': None,
 'kind': None,
 'metadata': {'annotations': {u'kubectl.kubernetes.io/last-applied-configuration': '{"apiVersion":"v1","kind":"Pod","metadata":{"annotations":{},"name":"job3-tf-drnn","namespace":"default"},"spec":{"containers":[{"args":["d_rnn_log.py","10000","/root/drnn/job3-tf-drnn.csv","job3-tf-drnn"],"command":["python"],"image":"zsl3203/drnn_log","name":"d-rnn","volumeMounts":[{"mountPath":"/root/drnn","name":"task-pv-storage"}]}],"restartPolicy":"Never","schedulerName":"my-scheduler","volumes":[{"name":"task-pv-storage","persistentVolumeClaim":{"claimName":"pvc1-nfs"}}]}}\n'},
              'cluster_name': None,
              'creation_timestamp': datetime.datetime(2019, 7, 24, 20, 37, 55, tzinfo=tzutc()),
              'deletion_grace_period_seconds': None,
              'deletion_timestamp': None,
              'finalizers': None,
              'generate_name': None,
              'generation': None,
              'initializers': None,
              'labels': None,
              'managed_fields': None,
              'name': 'job3-tf-drnn',
              'namespace': 'default',
              'owner_references': None,
              'resource_version': '962262',
              'self_link': '/api/v1/namespaces/default/pods/job3-tf-drnn',
              'uid': '015f4e38-4362-478d-ba9c-bc75c32c1c8c'},
 'spec': {'active_deadline_seconds': None,
          'affinity': None,
          'automount_service_account_token': None,
          'containers': [{'args': ['d_rnn_log.py',
                                   '10000',
                                   '/root/drnn/job3-tf-drnn.csv',
                                   'job3-tf-drnn'],
                          'command': ['python'],
                          'env': None,
                          'env_from': None,
                          'image': 'zsl3203/drnn_log',
                          'image_pull_policy': 'Always',
                          'lifecycle': None,
                          'liveness_probe': None,
                          'name': 'd-rnn',
                          'ports': None,
                          'readiness_probe': None,
                          'resources': {'limits': None, 'requests': None},
                          'security_context': None,
                          'stdin': None,
                          'stdin_once': None,
                          'termination_message_path': '/dev/termination-log',
                          'termination_message_policy': 'File',
                          'tty': None,
                          'volume_devices': None,
                          'volume_mounts': [{'mount_path': '/root/drnn',
                                             'mount_propagation': None,
                                             'name': 'task-pv-storage',
                                             'read_only': None,
                                             'sub_path': None,
                                             'sub_path_expr': None},
                                            {'mount_path': '/var/run/secrets/kubernetes.io/serviceaccount',
                                             'mount_propagation': None,
                                             'name': 'default-token-k87x8',
                                             'read_only': True,
                                             'sub_path': None,
                                             'sub_path_expr': None}],
                          'working_dir': None}],
          'dns_config': None,
          'dns_policy': 'ClusterFirst',
          'enable_service_links': True,
          'host_aliases': None,
          'host_ipc': None,
          'host_network': None,
          'host_pid': None,
          'hostname': None,
          'image_pull_secrets': None,
          'init_containers': None,
          'node_name': 'master.plz.shield-pg0.utah.cloudlab.us',
          'node_selector': None,
          'priority': 0,
          'priority_class_name': None,
          'readiness_gates': None,
          'restart_policy': 'Never',
          'runtime_class_name': None,
          'scheduler_name': 'my-scheduler',
          'security_context': {'fs_group': None,
                               'run_as_group': None,
                               'run_as_non_root': None,
                               'run_as_user': None,
                               'se_linux_options': None,
                               'supplemental_groups': None,
                               'sysctls': None},
          'service_account': 'default',
          'service_account_name': 'default',
          'share_process_namespace': None,
          'subdomain': None,
          'termination_grace_period_seconds': 30,
          'tolerations': [{'effect': 'NoExecute',
                           'key': 'node.kubernetes.io/not-ready',
                           'operator': 'Exists',
                           'toleration_seconds': 300,
                           'value': None},
                          {'effect': 'NoExecute',
                           'key': 'node.kubernetes.io/unreachable',
                           'operator': 'Exists',
                           'toleration_seconds': 300,
                           'value': None}],
          'volumes': [{'aws_elastic_block_store': None,
                       'azure_disk': None,
                       'azure_file': None,
                       'cephfs': None,
                       'cinder': None,
                       'config_map': None,
                       'csi': None,
                       'downward_api': None,
                       'empty_dir': None,
                       'fc': None,
                       'flex_volume': None,
                       'flocker': None,
                       'gce_persistent_disk': None,
                       'git_repo': None,
                       'glusterfs': None,
                       'host_path': None,
                       'iscsi': None,
                       'name': 'task-pv-storage',
                       'nfs': None,
                       'persistent_volume_claim': {'claim_name': 'pvc1-nfs',
                                                   'read_only': None},
                       'photon_persistent_disk': None,
                       'portworx_volume': None,
                       'projected': None,
                       'quobyte': None,
                       'rbd': None,
                       'scale_io': None,
                       'secret': None,
                       'storageos': None,
                       'vsphere_volume': None},
                      {'aws_elastic_block_store': None,
                       'azure_disk': None,
                       'azure_file': None,
                       'cephfs': None,
                       'cinder': None,
                       'config_map': None,
                       'csi': None,
                       'downward_api': None,
                       'empty_dir': None,
                       'fc': None,
                       'flex_volume': None,
                       'flocker': None,
                       'gce_persistent_disk': None,
                       'git_repo': None,
                       'glusterfs': None,
                       'host_path': None,
                       'iscsi': None,
                       'name': 'default-token-k87x8',
                       'nfs': None,
                       'persistent_volume_claim': None,
                       'photon_persistent_disk': None,
                       'portworx_volume': None,
                       'projected': None,
                       'quobyte': None,
                       'rbd': None,
                       'scale_io': None,
                       'secret': {'default_mode': 420,
                                  'items': None,
                                  'optional': None,
                                  'secret_name': 'default-token-k87x8'},
                       'storageos': None,
                       'vsphere_volume': None}]},
 'status': {'conditions': [{'last_probe_time': None,
                            'last_transition_time': datetime.datetime(2019, 7, 24, 20, 37, 55, tzinfo=tzutc()),
                            'message': None,
                            'reason': 'PodCompleted',
                            'status': 'True',
                            'type': 'Initialized'},
                           {'last_probe_time': None,
                            'last_transition_time': datetime.datetime(2019, 7, 24, 20, 45, 1, tzinfo=tzutc()),
                            'message': None,
                            'reason': 'PodCompleted',
                            'status': 'False',
                            'type': 'Ready'},
                           {'last_probe_time': None,
                            'last_transition_time': datetime.datetime(2019, 7, 24, 20, 45, 1, tzinfo=tzutc()),
                            'message': None,
                            'reason': 'PodCompleted',
                            'status': 'False',
                            'type': 'ContainersReady'},
                           {'last_probe_time': None,
                            'last_transition_time': datetime.datetime(2019, 7, 24, 20, 37, 55, tzinfo=tzutc()),
                            'message': None,
                            'reason': None,
                            'status': 'True',
                            'type': 'PodScheduled'}],
            'container_statuses': [{'container_id': 'docker://0b31b8692d3e3a932ad9f6e893f79776764e964c3276b332bcf8cea78f37aec8',
                                    'image': 'zsl3203/drnn_log:latest',
                                    'image_id': 'docker-pullable://zsl3203/drnn_log@sha256:cbe0298363ad220483a65380abc285079640fc291e79f81c63ff59d844d5ccfa',
                                    'last_state': {'running': None,
                                                   'terminated': None,
                                                   'waiting': None},
                                    'name': 'd-rnn',
                                    'ready': False,
                                    'restart_count': 0,
                                    'state': {'running': None,
                                              'terminated': {'container_id': 'docker://0b31b8692d3e3a932ad9f6e893f79776764e964c3276b332bcf8cea78f37aec8',
                                                             'exit_code': 0,
                                                             'finished_at': datetime.datetime(2019, 7, 24, 20, 45, tzinfo=tzutc()),
                                                             'message': None,
                                                             'reason': 'Completed',
                                                             'signal': None,
                                                             'started_at': datetime.datetime(2019, 7, 24, 20, 37, 57, tzinfo=tzutc())},
                                              'waiting': None}}],
            'host_ip': '128.110.153.136',
            'init_container_statuses': None,
            'message': None,
            'nominated_node_name': None,
            'phase': 'Succeeded',
            'pod_ip': '10.244.0.83',
            'qos_class': 'BestEffort',
            'reason': None,
            'start_time': datetime.datetime(2019, 7, 24, 20, 37, 55, tzinfo=tzutc())}}
ERROR:root:{'api_version': None,
 'kind': None,
 'metadata': {'annotations': {u'kubectl.kubernetes.io/last-applied-configuration': '{"apiVersion":"v1","kind":"Pod","metadata":{"annotations":{},"name":"job4-torch-vae","namespace":"default"},"spec":{"containers":[{"args":["app.py","15","/root/torch/job4-torch-vae.csv","job4-torch-vae"],"command":["python"],"image":"fuyuqi1995/june-vae","name":"lenet-test-epoch","volumeMounts":[{"mountPath":"/root/torch","name":"task-pv-storage"}]}],"restartPolicy":"Never","schedulerName":"my-scheduler","volumes":[{"name":"task-pv-storage","persistentVolumeClaim":{"claimName":"pvc1-nfs"}}]}}\n'},
              'cluster_name': None,
              'creation_timestamp': datetime.datetime(2019, 7, 24, 20, 38, 52, tzinfo=tzutc()),
              'deletion_grace_period_seconds': None,
              'deletion_timestamp': None,
              'finalizers': None,
              'generate_name': None,
              'generation': None,
              'initializers': None,
              'labels': None,
              'managed_fields': None,
              'name': 'job4-torch-vae',
              'namespace': 'default',
              'owner_references': None,
              'resource_version': '962219',
              'self_link': '/api/v1/namespaces/default/pods/job4-torch-vae',
              'uid': '569999d5-e8b8-492a-8385-e2d158d136c0'},
 'spec': {'active_deadline_seconds': None,
          'affinity': None,
          'automount_service_account_token': None,
          'containers': [{'args': ['app.py',
                                   '15',
                                   '/root/torch/job4-torch-vae.csv',
                                   'job4-torch-vae'],
                          'command': ['python'],
                          'env': None,
                          'env_from': None,
                          'image': 'fuyuqi1995/june-vae',
                          'image_pull_policy': 'Always',
                          'lifecycle': None,
                          'liveness_probe': None,
                          'name': 'lenet-test-epoch',
                          'ports': None,
                          'readiness_probe': None,
                          'resources': {'limits': None, 'requests': None},
                          'security_context': None,
                          'stdin': None,
                          'stdin_once': None,
                          'termination_message_path': '/dev/termination-log',
                          'termination_message_policy': 'File',
                          'tty': None,
                          'volume_devices': None,
                          'volume_mounts': [{'mount_path': '/root/torch',
                                             'mount_propagation': None,
                                             'name': 'task-pv-storage',
                                             'read_only': None,
                                             'sub_path': None,
                                             'sub_path_expr': None},
                                            {'mount_path': '/var/run/secrets/kubernetes.io/serviceaccount',
                                             'mount_propagation': None,
                                             'name': 'default-token-k87x8',
                                             'read_only': True,
                                             'sub_path': None,
                                             'sub_path_expr': None}],
                          'working_dir': None}],
          'dns_config': None,
          'dns_policy': 'ClusterFirst',
          'enable_service_links': True,
          'host_aliases': None,
          'host_ipc': None,
          'host_network': None,
          'host_pid': None,
          'hostname': None,
          'image_pull_secrets': None,
          'init_containers': None,
          'node_name': 'worker-1.plz.shield-pg0.utah.cloudlab.us',
          'node_selector': None,
          'priority': 0,
          'priority_class_name': None,
          'readiness_gates': None,
          'restart_policy': 'Never',
          'runtime_class_name': None,
          'scheduler_name': 'my-scheduler',
          'security_context': {'fs_group': None,
                               'run_as_group': None,
                               'run_as_non_root': None,
                               'run_as_user': None,
                               'se_linux_options': None,
                               'supplemental_groups': None,
                               'sysctls': None},
          'service_account': 'default',
          'service_account_name': 'default',
          'share_process_namespace': None,
          'subdomain': None,
          'termination_grace_period_seconds': 30,
          'tolerations': [{'effect': 'NoExecute',
                           'key': 'node.kubernetes.io/not-ready',
                           'operator': 'Exists',
                           'toleration_seconds': 300,
                           'value': None},
                          {'effect': 'NoExecute',
                           'key': 'node.kubernetes.io/unreachable',
                           'operator': 'Exists',
                           'toleration_seconds': 300,
                           'value': None}],
          'volumes': [{'aws_elastic_block_store': None,
                       'azure_disk': None,
                       'azure_file': None,
                       'cephfs': None,
                       'cinder': None,
                       'config_map': None,
                       'csi': None,
                       'downward_api': None,
                       'empty_dir': None,
                       'fc': None,
                       'flex_volume': None,
                       'flocker': None,
                       'gce_persistent_disk': None,
                       'git_repo': None,
                       'glusterfs': None,
                       'host_path': None,
                       'iscsi': None,
                       'name': 'task-pv-storage',
                       'nfs': None,
                       'persistent_volume_claim': {'claim_name': 'pvc1-nfs',
                                                   'read_only': None},
                       'photon_persistent_disk': None,
                       'portworx_volume': None,
                       'projected': None,
                       'quobyte': None,
                       'rbd': None,
                       'scale_io': None,
                       'secret': None,
                       'storageos': None,
                       'vsphere_volume': None},
                      {'aws_elastic_block_store': None,
                       'azure_disk': None,
                       'azure_file': None,
                       'cephfs': None,
                       'cinder': None,
                       'config_map': None,
                       'csi': None,
                       'downward_api': None,
                       'empty_dir': None,
                       'fc': None,
                       'flex_volume': None,
                       'flocker': None,
                       'gce_persistent_disk': None,
                       'git_repo': None,
                       'glusterfs': None,
                       'host_path': None,
                       'iscsi': None,
                       'name': 'default-token-k87x8',
                       'nfs': None,
                       'persistent_volume_claim': None,
                       'photon_persistent_disk': None,
                       'portworx_volume': None,
                       'projected': None,
                       'quobyte': None,
                       'rbd': None,
                       'scale_io': None,
                       'secret': {'default_mode': 420,
                                  'items': None,
                                  'optional': None,
                                  'secret_name': 'default-token-k87x8'},
                       'storageos': None,
                       'vsphere_volume': None}]},
 'status': {'conditions': [{'last_probe_time': None,
                            'last_transition_time': datetime.datetime(2019, 7, 24, 20, 38, 43, tzinfo=tzutc()),
                            'message': None,
                            'reason': 'PodCompleted',
                            'status': 'True',
                            'type': 'Initialized'},
                           {'last_probe_time': None,
                            'last_transition_time': datetime.datetime(2019, 7, 24, 20, 44, 25, tzinfo=tzutc()),
                            'message': None,
                            'reason': 'PodCompleted',
                            'status': 'False',
                            'type': 'Ready'},
                           {'last_probe_time': None,
                            'last_transition_time': datetime.datetime(2019, 7, 24, 20, 44, 25, tzinfo=tzutc()),
                            'message': None,
                            'reason': 'PodCompleted',
                            'status': 'False',
                            'type': 'ContainersReady'},
                           {'last_probe_time': None,
                            'last_transition_time': datetime.datetime(2019, 7, 24, 20, 38, 52, tzinfo=tzutc()),
                            'message': None,
                            'reason': None,
                            'status': 'True',
                            'type': 'PodScheduled'}],
            'container_statuses': [{'container_id': 'docker://72bbf8bb7edb0ff18920ec46b6fee0cb61210d36c352c32ad388d549c45b006b',
                                    'image': 'fuyuqi1995/june-vae:latest',
                                    'image_id': 'docker-pullable://fuyuqi1995/june-vae@sha256:e145cc6e1d366d56d2c9f5d0586a78ffc19a856cd71f8f30c3cd399b75b35eee',
                                    'last_state': {'running': None,
                                                   'terminated': None,
                                                   'waiting': None},
                                    'name': 'lenet-test-epoch',
                                    'ready': False,
                                    'restart_count': 0,
                                    'state': {'running': None,
                                              'terminated': {'container_id': 'docker://72bbf8bb7edb0ff18920ec46b6fee0cb61210d36c352c32ad388d549c45b006b',
                                                             'exit_code': 0,
                                                             'finished_at': datetime.datetime(2019, 7, 24, 20, 44, 24, tzinfo=tzutc()),
                                                             'message': None,
                                                             'reason': 'Completed',
                                                             'signal': None,
                                                             'started_at': datetime.datetime(2019, 7, 24, 20, 38, 45, tzinfo=tzutc())},
                                              'waiting': None}}],
            'host_ip': '128.110.153.125',
            'init_container_statuses': None,
            'message': None,
            'nominated_node_name': None,
            'phase': 'Succeeded',
            'pod_ip': '10.244.3.207',
            'qos_class': 'BestEffort',
            'reason': None,
            'start_time': datetime.datetime(2019, 7, 24, 20, 38, 43, tzinfo=tzutc())}}
ERROR:root:{'api_version': None,
 'kind': None,
 'metadata': {'annotations': {u'kubectl.kubernetes.io/last-applied-configuration': '{"apiVersion":"v1","kind":"Pod","metadata":{"annotations":{},"name":"job5-torch-lenet","namespace":"default"},"spec":{"containers":[{"args":["lenet.py","5","/root/torch/job5-torch-lenet.csv","job5-torch-lenet"],"command":["python"],"image":"fuyuqi1995/june-lenet","name":"lenet-test-epoch","volumeMounts":[{"mountPath":"/root/torch","name":"task-pv-storage"}]}],"restartPolicy":"Never","schedulerName":"my-scheduler","volumes":[{"name":"task-pv-storage","persistentVolumeClaim":{"claimName":"pvc1-nfs"}}]}}\n'},
              'cluster_name': None,
              'creation_timestamp': datetime.datetime(2019, 7, 24, 20, 35, 50, tzinfo=tzutc()),
              'deletion_grace_period_seconds': None,
              'deletion_timestamp': None,
              'finalizers': None,
              'generate_name': None,
              'generation': None,
              'initializers': None,
              'labels': None,
              'managed_fields': None,
              'name': 'job5-torch-lenet',
              'namespace': 'default',
              'owner_references': None,
              'resource_version': '961656',
              'self_link': '/api/v1/namespaces/default/pods/job5-torch-lenet',
              'uid': '3e089d06-bdea-4558-8de6-d3a0378aaf67'},
 'spec': {'active_deadline_seconds': None,
          'affinity': None,
          'automount_service_account_token': None,
          'containers': [{'args': ['lenet.py',
                                   '5',
                                   '/root/torch/job5-torch-lenet.csv',
                                   'job5-torch-lenet'],
                          'command': ['python'],
                          'env': None,
                          'env_from': None,
                          'image': 'fuyuqi1995/june-lenet',
                          'image_pull_policy': 'Always',
                          'lifecycle': None,
                          'liveness_probe': None,
                          'name': 'lenet-test-epoch',
                          'ports': None,
                          'readiness_probe': None,
                          'resources': {'limits': None, 'requests': None},
                          'security_context': None,
                          'stdin': None,
                          'stdin_once': None,
                          'termination_message_path': '/dev/termination-log',
                          'termination_message_policy': 'File',
                          'tty': None,
                          'volume_devices': None,
                          'volume_mounts': [{'mount_path': '/root/torch',
                                             'mount_propagation': None,
                                             'name': 'task-pv-storage',
                                             'read_only': None,
                                             'sub_path': None,
                                             'sub_path_expr': None},
                                            {'mount_path': '/var/run/secrets/kubernetes.io/serviceaccount',
                                             'mount_propagation': None,
                                             'name': 'default-token-k87x8',
                                             'read_only': True,
                                             'sub_path': None,
                                             'sub_path_expr': None}],
                          'working_dir': None}],
          'dns_config': None,
          'dns_policy': 'ClusterFirst',
          'enable_service_links': True,
          'host_aliases': None,
          'host_ipc': None,
          'host_network': None,
          'host_pid': None,
          'hostname': None,
          'image_pull_secrets': None,
          'init_containers': None,
          'node_name': 'worker-1.plz.shield-pg0.utah.cloudlab.us',
          'node_selector': None,
          'priority': 0,
          'priority_class_name': None,
          'readiness_gates': None,
          'restart_policy': 'Never',
          'runtime_class_name': None,
          'scheduler_name': 'my-scheduler',
          'security_context': {'fs_group': None,
                               'run_as_group': None,
                               'run_as_non_root': None,
                               'run_as_user': None,
                               'se_linux_options': None,
                               'supplemental_groups': None,
                               'sysctls': None},
          'service_account': 'default',
          'service_account_name': 'default',
          'share_process_namespace': None,
          'subdomain': None,
          'termination_grace_period_seconds': 30,
          'tolerations': [{'effect': 'NoExecute',
                           'key': 'node.kubernetes.io/not-ready',
                           'operator': 'Exists',
                           'toleration_seconds': 300,
                           'value': None},
                          {'effect': 'NoExecute',
                           'key': 'node.kubernetes.io/unreachable',
                           'operator': 'Exists',
                           'toleration_seconds': 300,
                           'value': None}],
          'volumes': [{'aws_elastic_block_store': None,
                       'azure_disk': None,
                       'azure_file': None,
                       'cephfs': None,
                       'cinder': None,
                       'config_map': None,
                       'csi': None,
                       'downward_api': None,
                       'empty_dir': None,
                       'fc': None,
                       'flex_volume': None,
                       'flocker': None,
                       'gce_persistent_disk': None,
                       'git_repo': None,
                       'glusterfs': None,
                       'host_path': None,
                       'iscsi': None,
                       'name': 'task-pv-storage',
                       'nfs': None,
                       'persistent_volume_claim': {'claim_name': 'pvc1-nfs',
                                                   'read_only': None},
                       'photon_persistent_disk': None,
                       'portworx_volume': None,
                       'projected': None,
                       'quobyte': None,
                       'rbd': None,
                       'scale_io': None,
                       'secret': None,
                       'storageos': None,
                       'vsphere_volume': None},
                      {'aws_elastic_block_store': None,
                       'azure_disk': None,
                       'azure_file': None,
                       'cephfs': None,
                       'cinder': None,
                       'config_map': None,
                       'csi': None,
                       'downward_api': None,
                       'empty_dir': None,
                       'fc': None,
                       'flex_volume': None,
                       'flocker': None,
                       'gce_persistent_disk': None,
                       'git_repo': None,
                       'glusterfs': None,
                       'host_path': None,
                       'iscsi': None,
                       'name': 'default-token-k87x8',
                       'nfs': None,
                       'persistent_volume_claim': None,
                       'photon_persistent_disk': None,
                       'portworx_volume': None,
                       'projected': None,
                       'quobyte': None,
                       'rbd': None,
                       'scale_io': None,
                       'secret': {'default_mode': 420,
                                  'items': None,
                                  'optional': None,
                                  'secret_name': 'default-token-k87x8'},
                       'storageos': None,
                       'vsphere_volume': None}]},
 'status': {'conditions': [{'last_probe_time': None,
                            'last_transition_time': datetime.datetime(2019, 7, 24, 20, 35, 40, tzinfo=tzutc()),
                            'message': None,
                            'reason': 'PodCompleted',
                            'status': 'True',
                            'type': 'Initialized'},
                           {'last_probe_time': None,
                            'last_transition_time': datetime.datetime(2019, 7, 24, 20, 38, 41, tzinfo=tzutc()),
                            'message': None,
                            'reason': 'PodCompleted',
                            'status': 'False',
                            'type': 'Ready'},
                           {'last_probe_time': None,
                            'last_transition_time': datetime.datetime(2019, 7, 24, 20, 38, 41, tzinfo=tzutc()),
                            'message': None,
                            'reason': 'PodCompleted',
                            'status': 'False',
                            'type': 'ContainersReady'},
                           {'last_probe_time': None,
                            'last_transition_time': datetime.datetime(2019, 7, 24, 20, 35, 50, tzinfo=tzutc()),
                            'message': None,
                            'reason': None,
                            'status': 'True',
                            'type': 'PodScheduled'}],
            'container_statuses': [{'container_id': 'docker://d761e2eb7517de11827dfb3789d7ddfc463c216f62c2296f9fb668be79945805',
                                    'image': 'fuyuqi1995/june-lenet:latest',
                                    'image_id': 'docker-pullable://fuyuqi1995/june-lenet@sha256:3f3e4da3bac40e58deedee153ef20db5e41924ec55ff96a9e476bf63015f63c3',
                                    'last_state': {'running': None,
                                                   'terminated': None,
                                                   'waiting': None},
                                    'name': 'lenet-test-epoch',
                                    'ready': False,
                                    'restart_count': 0,
                                    'state': {'running': None,
                                              'terminated': {'container_id': 'docker://d761e2eb7517de11827dfb3789d7ddfc463c216f62c2296f9fb668be79945805',
                                                             'exit_code': 0,
                                                             'finished_at': datetime.datetime(2019, 7, 24, 20, 38, 40, tzinfo=tzutc()),
                                                             'message': None,
                                                             'reason': 'Completed',
                                                             'signal': None,
                                                             'started_at': datetime.datetime(2019, 7, 24, 20, 35, 42, tzinfo=tzutc())},
                                              'waiting': None}}],
            'host_ip': '128.110.153.125',
            'init_container_statuses': None,
            'message': None,
            'nominated_node_name': None,
            'phase': 'Succeeded',
            'pod_ip': '10.244.3.206',
            'qos_class': 'BestEffort',
            'reason': None,
            'start_time': datetime.datetime(2019, 7, 24, 20, 35, 40, tzinfo=tzutc())}}
ERROR:root:{'api_version': None,
 'kind': None,
 'metadata': {'annotations': {u'kubectl.kubernetes.io/last-applied-configuration': '{"apiVersion":"v1","kind":"Pod","metadata":{"annotations":{},"name":"job6-tf-cnn","namespace":"default"},"spec":{"containers":[{"args":["cnn_log.py","200","/root/cnn/job6-tf-cnn.csv","job6-tf-cnn"],"command":["python"],"image":"zsl3203/cnn_log","name":"d-rnn","volumeMounts":[{"mountPath":"/root/cnn","name":"task-pv-storage"}]}],"restartPolicy":"Never","schedulerName":"my-scheduler","volumes":[{"name":"task-pv-storage","persistentVolumeClaim":{"claimName":"pvc1-nfs"}}]}}\n'},
              'cluster_name': None,
              'creation_timestamp': datetime.datetime(2019, 7, 24, 20, 35, 35, tzinfo=tzutc()),
              'deletion_grace_period_seconds': None,
              'deletion_timestamp': None,
              'finalizers': None,
              'generate_name': None,
              'generation': None,
              'initializers': None,
              'labels': None,
              'managed_fields': None,
              'name': 'job6-tf-cnn',
              'namespace': 'default',
              'owner_references': None,
              'resource_version': '961381',
              'self_link': '/api/v1/namespaces/default/pods/job6-tf-cnn',
              'uid': '01b4044c-9b4e-4cbe-afd0-01dfdff96274'},
 'spec': {'active_deadline_seconds': None,
          'affinity': None,
          'automount_service_account_token': None,
          'containers': [{'args': ['cnn_log.py',
                                   '200',
                                   '/root/cnn/job6-tf-cnn.csv',
                                   'job6-tf-cnn'],
                          'command': ['python'],
                          'env': None,
                          'env_from': None,
                          'image': 'zsl3203/cnn_log',
                          'image_pull_policy': 'Always',
                          'lifecycle': None,
                          'liveness_probe': None,
                          'name': 'd-rnn',
                          'ports': None,
                          'readiness_probe': None,
                          'resources': {'limits': None, 'requests': None},
                          'security_context': None,
                          'stdin': None,
                          'stdin_once': None,
                          'termination_message_path': '/dev/termination-log',
                          'termination_message_policy': 'File',
                          'tty': None,
                          'volume_devices': None,
                          'volume_mounts': [{'mount_path': '/root/cnn',
                                             'mount_propagation': None,
                                             'name': 'task-pv-storage',
                                             'read_only': None,
                                             'sub_path': None,
                                             'sub_path_expr': None},
                                            {'mount_path': '/var/run/secrets/kubernetes.io/serviceaccount',
                                             'mount_propagation': None,
                                             'name': 'default-token-k87x8',
                                             'read_only': True,
                                             'sub_path': None,
                                             'sub_path_expr': None}],
                          'working_dir': None}],
          'dns_config': None,
          'dns_policy': 'ClusterFirst',
          'enable_service_links': True,
          'host_aliases': None,
          'host_ipc': None,
          'host_network': None,
          'host_pid': None,
          'hostname': None,
          'image_pull_secrets': None,
          'init_containers': None,
          'node_name': 'worker-2.plz.shield-pg0.utah.cloudlab.us',
          'node_selector': None,
          'priority': 0,
          'priority_class_name': None,
          'readiness_gates': None,
          'restart_policy': 'Never',
          'runtime_class_name': None,
          'scheduler_name': 'my-scheduler',
          'security_context': {'fs_group': None,
                               'run_as_group': None,
                               'run_as_non_root': None,
                               'run_as_user': None,
                               'se_linux_options': None,
                               'supplemental_groups': None,
                               'sysctls': None},
          'service_account': 'default',
          'service_account_name': 'default',
          'share_process_namespace': None,
          'subdomain': None,
          'termination_grace_period_seconds': 30,
          'tolerations': [{'effect': 'NoExecute',
                           'key': 'node.kubernetes.io/not-ready',
                           'operator': 'Exists',
                           'toleration_seconds': 300,
                           'value': None},
                          {'effect': 'NoExecute',
                           'key': 'node.kubernetes.io/unreachable',
                           'operator': 'Exists',
                           'toleration_seconds': 300,
                           'value': None}],
          'volumes': [{'aws_elastic_block_store': None,
                       'azure_disk': None,
                       'azure_file': None,
                       'cephfs': None,
                       'cinder': None,
                       'config_map': None,
                       'csi': None,
                       'downward_api': None,
                       'empty_dir': None,
                       'fc': None,
                       'flex_volume': None,
                       'flocker': None,
                       'gce_persistent_disk': None,
                       'git_repo': None,
                       'glusterfs': None,
                       'host_path': None,
                       'iscsi': None,
                       'name': 'task-pv-storage',
                       'nfs': None,
                       'persistent_volume_claim': {'claim_name': 'pvc1-nfs',
                                                   'read_only': None},
                       'photon_persistent_disk': None,
                       'portworx_volume': None,
                       'projected': None,
                       'quobyte': None,
                       'rbd': None,
                       'scale_io': None,
                       'secret': None,
                       'storageos': None,
                       'vsphere_volume': None},
                      {'aws_elastic_block_store': None,
                       'azure_disk': None,
                       'azure_file': None,
                       'cephfs': None,
                       'cinder': None,
                       'config_map': None,
                       'csi': None,
                       'downward_api': None,
                       'empty_dir': None,
                       'fc': None,
                       'flex_volume': None,
                       'flocker': None,
                       'gce_persistent_disk': None,
                       'git_repo': None,
                       'glusterfs': None,
                       'host_path': None,
                       'iscsi': None,
                       'name': 'default-token-k87x8',
                       'nfs': None,
                       'persistent_volume_claim': None,
                       'photon_persistent_disk': None,
                       'portworx_volume': None,
                       'projected': None,
                       'quobyte': None,
                       'rbd': None,
                       'scale_io': None,
                       'secret': {'default_mode': 420,
                                  'items': None,
                                  'optional': None,
                                  'secret_name': 'default-token-k87x8'},
                       'storageos': None,
                       'vsphere_volume': None}]},
 'status': {'conditions': [{'last_probe_time': None,
                            'last_transition_time': datetime.datetime(2019, 7, 24, 20, 35, 29, tzinfo=tzutc()),
                            'message': None,
                            'reason': 'PodCompleted',
                            'status': 'True',
                            'type': 'Initialized'},
                           {'last_probe_time': None,
                            'last_transition_time': datetime.datetime(2019, 7, 24, 20, 36, tzinfo=tzutc()),
                            'message': None,
                            'reason': 'PodCompleted',
                            'status': 'False',
                            'type': 'Ready'},
                           {'last_probe_time': None,
                            'last_transition_time': datetime.datetime(2019, 7, 24, 20, 36, tzinfo=tzutc()),
                            'message': None,
                            'reason': 'PodCompleted',
                            'status': 'False',
                            'type': 'ContainersReady'},
                           {'last_probe_time': None,
                            'last_transition_time': datetime.datetime(2019, 7, 24, 20, 35, 35, tzinfo=tzutc()),
                            'message': None,
                            'reason': None,
                            'status': 'True',
                            'type': 'PodScheduled'}],
            'container_statuses': [{'container_id': 'docker://c153868f170d5e7a17c50d7c7abb57124ca1fbe243f8b84b2ccd121a234fde78',
                                    'image': 'zsl3203/cnn_log:latest',
                                    'image_id': 'docker-pullable://zsl3203/cnn_log@sha256:43bf88ece85f241ae4b0d990080cbc0c34629e89baffd6e6220cad4c51b1b94e',
                                    'last_state': {'running': None,
                                                   'terminated': None,
                                                   'waiting': None},
                                    'name': 'd-rnn',
                                    'ready': False,
                                    'restart_count': 0,
                                    'state': {'running': None,
                                              'terminated': {'container_id': 'docker://c153868f170d5e7a17c50d7c7abb57124ca1fbe243f8b84b2ccd121a234fde78',
                                                             'exit_code': 0,
                                                             'finished_at': datetime.datetime(2019, 7, 24, 20, 36, tzinfo=tzutc()),
                                                             'message': None,
                                                             'reason': 'Completed',
                                                             'signal': None,
                                                             'started_at': datetime.datetime(2019, 7, 24, 20, 35, 31, tzinfo=tzutc())},
                                              'waiting': None}}],
            'host_ip': '128.110.153.127',
            'init_container_statuses': None,
            'message': None,
            'nominated_node_name': None,
            'phase': 'Succeeded',
            'pod_ip': '10.244.2.206',
            'qos_class': 'BestEffort',
            'reason': None,
            'start_time': datetime.datetime(2019, 7, 24, 20, 35, 29, tzinfo=tzutc())}}
ERROR:root:{'api_version': None,
 'kind': None,
 'metadata': {'annotations': {u'kubectl.kubernetes.io/last-applied-configuration': '{"apiVersion":"v1","kind":"Pod","metadata":{"annotations":{},"name":"job2-tf-cnn","namespace":"default"},"spec":{"containers":[{"args":["cnn_log.py","200","/root/cnn/job2-tf-cnn.csv","job2-tf-cnn"],"command":["python"],"image":"zsl3203/cnn_log","name":"d-rnn","volumeMounts":[{"mountPath":"/root/cnn","name":"task-pv-storage"}]}],"restartPolicy":"Never","schedulerName":"my-scheduler","volumes":[{"name":"task-pv-storage","persistentVolumeClaim":{"claimName":"pvc1-nfs"}}]}}\n'},
              'cluster_name': None,
              'creation_timestamp': datetime.datetime(2019, 7, 24, 20, 46, 2, tzinfo=tzutc()),
              'deletion_grace_period_seconds': None,
              'deletion_timestamp': None,
              'finalizers': None,
              'generate_name': None,
              'generation': None,
              'initializers': None,
              'labels': None,
              'managed_fields': None,
              'name': 'job2-tf-cnn',
              'namespace': 'default',
              'owner_references': None,
              'resource_version': '962414',
              'self_link': '/api/v1/namespaces/default/pods/job2-tf-cnn',
              'uid': 'bc8f0f0f-4365-4da7-9588-7d339b6e730e'},
 'spec': {'active_deadline_seconds': None,
          'affinity': None,
          'automount_service_account_token': None,
          'containers': [{'args': ['cnn_log.py',
                                   '200',
                                   '/root/cnn/job2-tf-cnn.csv',
                                   'job2-tf-cnn'],
                          'command': ['python'],
                          'env': None,
                          'env_from': None,
                          'image': 'zsl3203/cnn_log',
                          'image_pull_policy': 'Always',
                          'lifecycle': None,
                          'liveness_probe': None,
                          'name': 'd-rnn',
                          'ports': None,
                          'readiness_probe': None,
                          'resources': {'limits': None, 'requests': None},
                          'security_context': None,
                          'stdin': None,
                          'stdin_once': None,
                          'termination_message_path': '/dev/termination-log',
                          'termination_message_policy': 'File',
                          'tty': None,
                          'volume_devices': None,
                          'volume_mounts': [{'mount_path': '/root/cnn',
                                             'mount_propagation': None,
                                             'name': 'task-pv-storage',
                                             'read_only': None,
                                             'sub_path': None,
                                             'sub_path_expr': None},
                                            {'mount_path': '/var/run/secrets/kubernetes.io/serviceaccount',
                                             'mount_propagation': None,
                                             'name': 'default-token-k87x8',
                                             'read_only': True,
                                             'sub_path': None,
                                             'sub_path_expr': None}],
                          'working_dir': None}],
          'dns_config': None,
          'dns_policy': 'ClusterFirst',
          'enable_service_links': True,
          'host_aliases': None,
          'host_ipc': None,
          'host_network': None,
          'host_pid': None,
          'hostname': None,
          'image_pull_secrets': None,
          'init_containers': None,
          'node_name': 'worker-1.plz.shield-pg0.utah.cloudlab.us',
          'node_selector': None,
          'priority': 0,
          'priority_class_name': None,
          'readiness_gates': None,
          'restart_policy': 'Never',
          'runtime_class_name': None,
          'scheduler_name': 'my-scheduler',
          'security_context': {'fs_group': None,
                               'run_as_group': None,
                               'run_as_non_root': None,
                               'run_as_user': None,
                               'se_linux_options': None,
                               'supplemental_groups': None,
                               'sysctls': None},
          'service_account': 'default',
          'service_account_name': 'default',
          'share_process_namespace': None,
          'subdomain': None,
          'termination_grace_period_seconds': 30,
          'tolerations': [{'effect': 'NoExecute',
                           'key': 'node.kubernetes.io/not-ready',
                           'operator': 'Exists',
                           'toleration_seconds': 300,
                           'value': None},
                          {'effect': 'NoExecute',
                           'key': 'node.kubernetes.io/unreachable',
                           'operator': 'Exists',
                           'toleration_seconds': 300,
                           'value': None}],
          'volumes': [{'aws_elastic_block_store': None,
                       'azure_disk': None,
                       'azure_file': None,
                       'cephfs': None,
                       'cinder': None,
                       'config_map': None,
                       'csi': None,
                       'downward_api': None,
                       'empty_dir': None,
                       'fc': None,
                       'flex_volume': None,
                       'flocker': None,
                       'gce_persistent_disk': None,
                       'git_repo': None,
                       'glusterfs': None,
                       'host_path': None,
                       'iscsi': None,
                       'name': 'task-pv-storage',
                       'nfs': None,
                       'persistent_volume_claim': {'claim_name': 'pvc1-nfs',
                                                   'read_only': None},
                       'photon_persistent_disk': None,
                       'portworx_volume': None,
                       'projected': None,
                       'quobyte': None,
                       'rbd': None,
                       'scale_io': None,
                       'secret': None,
                       'storageos': None,
                       'vsphere_volume': None},
                      {'aws_elastic_block_store': None,
                       'azure_disk': None,
                       'azure_file': None,
                       'cephfs': None,
                       'cinder': None,
                       'config_map': None,
                       'csi': None,
                       'downward_api': None,
                       'empty_dir': None,
                       'fc': None,
                       'flex_volume': None,
                       'flocker': None,
                       'gce_persistent_disk': None,
                       'git_repo': None,
                       'glusterfs': None,
                       'host_path': None,
                       'iscsi': None,
                       'name': 'default-token-k87x8',
                       'nfs': None,
                       'persistent_volume_claim': None,
                       'photon_persistent_disk': None,
                       'portworx_volume': None,
                       'projected': None,
                       'quobyte': None,
                       'rbd': None,
                       'scale_io': None,
                       'secret': {'default_mode': 420,
                                  'items': None,
                                  'optional': None,
                                  'secret_name': 'default-token-k87x8'},
                       'storageos': None,
                       'vsphere_volume': None}]},
 'status': {'conditions': [{'last_probe_time': None,
                            'last_transition_time': datetime.datetime(2019, 7, 24, 20, 45, 52, tzinfo=tzutc()),
                            'message': None,
                            'reason': 'PodCompleted',
                            'status': 'True',
                            'type': 'Initialized'},
                           {'last_probe_time': None,
                            'last_transition_time': datetime.datetime(2019, 7, 24, 20, 46, 23, tzinfo=tzutc()),
                            'message': None,
                            'reason': 'PodCompleted',
                            'status': 'False',
                            'type': 'Ready'},
                           {'last_probe_time': None,
                            'last_transition_time': datetime.datetime(2019, 7, 24, 20, 46, 23, tzinfo=tzutc()),
                            'message': None,
                            'reason': 'PodCompleted',
                            'status': 'False',
                            'type': 'ContainersReady'},
                           {'last_probe_time': None,
                            'last_transition_time': datetime.datetime(2019, 7, 24, 20, 46, 2, tzinfo=tzutc()),
                            'message': None,
                            'reason': None,
                            'status': 'True',
                            'type': 'PodScheduled'}],
            'container_statuses': [{'container_id': 'docker://0f5ea378b124cae85eabb162a1ed91b715482fc9379a6d0278ed2b1b0f200018',
                                    'image': 'zsl3203/cnn_log:latest',
                                    'image_id': 'docker-pullable://zsl3203/cnn_log@sha256:43bf88ece85f241ae4b0d990080cbc0c34629e89baffd6e6220cad4c51b1b94e',
                                    'last_state': {'running': None,
                                                   'terminated': None,
                                                   'waiting': None},
                                    'name': 'd-rnn',
                                    'ready': False,
                                    'restart_count': 0,
                                    'state': {'running': None,
                                              'terminated': {'container_id': 'docker://0f5ea378b124cae85eabb162a1ed91b715482fc9379a6d0278ed2b1b0f200018',
                                                             'exit_code': 0,
                                                             'finished_at': datetime.datetime(2019, 7, 24, 20, 46, 23, tzinfo=tzutc()),
                                                             'message': None,
                                                             'reason': 'Completed',
                                                             'signal': None,
                                                             'started_at': datetime.datetime(2019, 7, 24, 20, 45, 54, tzinfo=tzutc())},
                                              'waiting': None}}],
            'host_ip': '128.110.153.125',
            'init_container_statuses': None,
            'message': None,
            'nominated_node_name': None,
            'phase': 'Succeeded',
            'pod_ip': '10.244.3.208',
            'qos_class': 'BestEffort',
            'reason': None,
            'start_time': datetime.datetime(2019, 7, 24, 20, 45, 52, tzinfo=tzutc())}}
ERROR:root:{'api_version': None,
 'kind': None,
 'metadata': {'annotations': {u'kubectl.kubernetes.io/last-applied-configuration': '{"apiVersion":"v1","kind":"Pod","metadata":{"annotations":{},"name":"job1-tf-birnn","namespace":"default"},"spec":{"containers":[{"args":["bi_rnn_log.py","10000","/root/birnn/job1-tf-birnn.csv","job1-tf-birnn"],"command":["python"],"image":"zsl3203/birnn_log","name":"bi-rnn","volumeMounts":[{"mountPath":"/root/birnn/","name":"task-pv-storage"}]}],"restartPolicy":"Never","schedulerName":"my-scheduler","volumes":[{"name":"task-pv-storage","persistentVolumeClaim":{"claimName":"pvc1-nfs"}}]}}\n'},
              'cluster_name': None,
              'creation_timestamp': datetime.datetime(2019, 7, 24, 20, 37, 28, tzinfo=tzutc()),
              'deletion_grace_period_seconds': None,
              'deletion_timestamp': None,
              'finalizers': None,
              'generate_name': None,
              'generation': None,
              'initializers': None,
              'labels': None,
              'managed_fields': None,
              'name': 'job1-tf-birnn',
              'namespace': 'default',
              'owner_references': None,
              'resource_version': '962551',
              'self_link': '/api/v1/namespaces/default/pods/job1-tf-birnn',
              'uid': '2370f29b-ca1d-4362-8d7e-3b3ed22e9489'},
 'spec': {'active_deadline_seconds': None,
          'affinity': None,
          'automount_service_account_token': None,
          'containers': [{'args': ['bi_rnn_log.py',
                                   '10000',
                                   '/root/birnn/job1-tf-birnn.csv',
                                   'job1-tf-birnn'],
                          'command': ['python'],
                          'env': None,
                          'env_from': None,
                          'image': 'zsl3203/birnn_log',
                          'image_pull_policy': 'Always',
                          'lifecycle': None,
                          'liveness_probe': None,
                          'name': 'bi-rnn',
                          'ports': None,
                          'readiness_probe': None,
                          'resources': {'limits': None, 'requests': None},
                          'security_context': None,
                          'stdin': None,
                          'stdin_once': None,
                          'termination_message_path': '/dev/termination-log',
                          'termination_message_policy': 'File',
                          'tty': None,
                          'volume_devices': None,
                          'volume_mounts': [{'mount_path': '/root/birnn/',
                                             'mount_propagation': None,
                                             'name': 'task-pv-storage',
                                             'read_only': None,
                                             'sub_path': None,
                                             'sub_path_expr': None},
                                            {'mount_path': '/var/run/secrets/kubernetes.io/serviceaccount',
                                             'mount_propagation': None,
                                             'name': 'default-token-k87x8',
                                             'read_only': True,
                                             'sub_path': None,
                                             'sub_path_expr': None}],
                          'working_dir': None}],
          'dns_config': None,
          'dns_policy': 'ClusterFirst',
          'enable_service_links': True,
          'host_aliases': None,
          'host_ipc': None,
          'host_network': None,
          'host_pid': None,
          'hostname': None,
          'image_pull_secrets': None,
          'init_containers': None,
          'node_name': 'worker-2.plz.shield-pg0.utah.cloudlab.us',
          'node_selector': None,
          'priority': 0,
          'priority_class_name': None,
          'readiness_gates': None,
          'restart_policy': 'Never',
          'runtime_class_name': None,
          'scheduler_name': 'my-scheduler',
          'security_context': {'fs_group': None,
                               'run_as_group': None,
                               'run_as_non_root': None,
                               'run_as_user': None,
                               'se_linux_options': None,
                               'supplemental_groups': None,
                               'sysctls': None},
          'service_account': 'default',
          'service_account_name': 'default',
          'share_process_namespace': None,
          'subdomain': None,
          'termination_grace_period_seconds': 30,
          'tolerations': [{'effect': 'NoExecute',
                           'key': 'node.kubernetes.io/not-ready',
                           'operator': 'Exists',
                           'toleration_seconds': 300,
                           'value': None},
                          {'effect': 'NoExecute',
                           'key': 'node.kubernetes.io/unreachable',
                           'operator': 'Exists',
                           'toleration_seconds': 300,
                           'value': None}],
          'volumes': [{'aws_elastic_block_store': None,
                       'azure_disk': None,
                       'azure_file': None,
                       'cephfs': None,
                       'cinder': None,
                       'config_map': None,
                       'csi': None,
                       'downward_api': None,
                       'empty_dir': None,
                       'fc': None,
                       'flex_volume': None,
                       'flocker': None,
                       'gce_persistent_disk': None,
                       'git_repo': None,
                       'glusterfs': None,
                       'host_path': None,
                       'iscsi': None,
                       'name': 'task-pv-storage',
                       'nfs': None,
                       'persistent_volume_claim': {'claim_name': 'pvc1-nfs',
                                                   'read_only': None},
                       'photon_persistent_disk': None,
                       'portworx_volume': None,
                       'projected': None,
                       'quobyte': None,
                       'rbd': None,
                       'scale_io': None,
                       'secret': None,
                       'storageos': None,
                       'vsphere_volume': None},
                      {'aws_elastic_block_store': None,
                       'azure_disk': None,
                       'azure_file': None,
                       'cephfs': None,
                       'cinder': None,
                       'config_map': None,
                       'csi': None,
                       'downward_api': None,
                       'empty_dir': None,
                       'fc': None,
                       'flex_volume': None,
                       'flocker': None,
                       'gce_persistent_disk': None,
                       'git_repo': None,
                       'glusterfs': None,
                       'host_path': None,
                       'iscsi': None,
                       'name': 'default-token-k87x8',
                       'nfs': None,
                       'persistent_volume_claim': None,
                       'photon_persistent_disk': None,
                       'portworx_volume': None,
                       'projected': None,
                       'quobyte': None,
                       'rbd': None,
                       'scale_io': None,
                       'secret': {'default_mode': 420,
                                  'items': None,
                                  'optional': None,
                                  'secret_name': 'default-token-k87x8'},
                       'storageos': None,
                       'vsphere_volume': None}]},
 'status': {'conditions': [{'last_probe_time': None,
                            'last_transition_time': datetime.datetime(2019, 7, 24, 20, 37, 23, tzinfo=tzutc()),
                            'message': None,
                            'reason': 'PodCompleted',
                            'status': 'True',
                            'type': 'Initialized'},
                           {'last_probe_time': None,
                            'last_transition_time': datetime.datetime(2019, 7, 24, 20, 47, 53, tzinfo=tzutc()),
                            'message': None,
                            'reason': 'PodCompleted',
                            'status': 'False',
                            'type': 'Ready'},
                           {'last_probe_time': None,
                            'last_transition_time': datetime.datetime(2019, 7, 24, 20, 47, 53, tzinfo=tzutc()),
                            'message': None,
                            'reason': 'PodCompleted',
                            'status': 'False',
                            'type': 'ContainersReady'},
                           {'last_probe_time': None,
                            'last_transition_time': datetime.datetime(2019, 7, 24, 20, 37, 28, tzinfo=tzutc()),
                            'message': None,
                            'reason': None,
                            'status': 'True',
                            'type': 'PodScheduled'}],
            'container_statuses': [{'container_id': 'docker://04623eb5804fdcd07f642d3d5e4806894d11d97e668a19e1c848af0ab3746e67',
                                    'image': 'zsl3203/birnn_log:latest',
                                    'image_id': 'docker-pullable://zsl3203/birnn_log@sha256:c84919f1aa7b15f86831cb30d4d5b9701136b7faa4fbd401967343f6b207519f',
                                    'last_state': {'running': None,
                                                   'terminated': None,
                                                   'waiting': None},
                                    'name': 'bi-rnn',
                                    'ready': False,
                                    'restart_count': 0,
                                    'state': {'running': None,
                                              'terminated': {'container_id': 'docker://04623eb5804fdcd07f642d3d5e4806894d11d97e668a19e1c848af0ab3746e67',
                                                             'exit_code': 0,
                                                             'finished_at': datetime.datetime(2019, 7, 24, 20, 47, 52, tzinfo=tzutc()),
                                                             'message': None,
                                                             'reason': 'Completed',
                                                             'signal': None,
                                                             'started_at': datetime.datetime(2019, 7, 24, 20, 37, 25, tzinfo=tzutc())},
                                              'waiting': None}}],
            'host_ip': '128.110.153.127',
            'init_container_statuses': None,
            'message': None,
            'nominated_node_name': None,
            'phase': 'Succeeded',
            'pod_ip': '10.244.2.207',
            'qos_class': 'BestEffort',
            'reason': None,
            'start_time': datetime.datetime(2019, 7, 24, 20, 37, 23, tzinfo=tzutc())}}
ERROR:root:{'api_version': None,
 'kind': None,
 'metadata': {'annotations': {u'kubectl.kubernetes.io/last-applied-configuration': '{"apiVersion":"v1","kind":"Pod","metadata":{"annotations":{},"name":"job7-torch-lenet","namespace":"default"},"spec":{"containers":[{"args":["lenet.py","5","/root/torch/job7-torch-lenet.csv","job7-torch-lenet"],"command":["python"],"image":"fuyuqi1995/june-lenet","name":"lenet-test-epoch","volumeMounts":[{"mountPath":"/root/torch","name":"task-pv-storage"}]}],"restartPolicy":"Never","schedulerName":"my-scheduler","volumes":[{"name":"task-pv-storage","persistentVolumeClaim":{"claimName":"pvc1-nfs"}}]}}\n'},
              'cluster_name': None,
              'creation_timestamp': datetime.datetime(2019, 7, 24, 20, 43, 57, tzinfo=tzutc()),
              'deletion_grace_period_seconds': None,
              'deletion_timestamp': None,
              'finalizers': None,
              'generate_name': None,
              'generation': None,
              'initializers': None,
              'labels': None,
              'managed_fields': None,
              'name': 'job7-torch-lenet',
              'namespace': 'default',
              'owner_references': None,
              'resource_version': '962606',
              'self_link': '/api/v1/namespaces/default/pods/job7-torch-lenet',
              'uid': '34121f45-e3a5-4f1a-adf9-2c64cfd5f534'},
 'spec': {'active_deadline_seconds': None,
          'affinity': None,
          'automount_service_account_token': None,
          'containers': [{'args': ['lenet.py',
                                   '5',
                                   '/root/torch/job7-torch-lenet.csv',
                                   'job7-torch-lenet'],
                          'command': ['python'],
                          'env': None,
                          'env_from': None,
                          'image': 'fuyuqi1995/june-lenet',
                          'image_pull_policy': 'Always',
                          'lifecycle': None,
                          'liveness_probe': None,
                          'name': 'lenet-test-epoch',
                          'ports': None,
                          'readiness_probe': None,
                          'resources': {'limits': None, 'requests': None},
                          'security_context': None,
                          'stdin': None,
                          'stdin_once': None,
                          'termination_message_path': '/dev/termination-log',
                          'termination_message_policy': 'File',
                          'tty': None,
                          'volume_devices': None,
                          'volume_mounts': [{'mount_path': '/root/torch',
                                             'mount_propagation': None,
                                             'name': 'task-pv-storage',
                                             'read_only': None,
                                             'sub_path': None,
                                             'sub_path_expr': None},
                                            {'mount_path': '/var/run/secrets/kubernetes.io/serviceaccount',
                                             'mount_propagation': None,
                                             'name': 'default-token-k87x8',
                                             'read_only': True,
                                             'sub_path': None,
                                             'sub_path_expr': None}],
                          'working_dir': None}],
          'dns_config': None,
          'dns_policy': 'ClusterFirst',
          'enable_service_links': True,
          'host_aliases': None,
          'host_ipc': None,
          'host_network': None,
          'host_pid': None,
          'hostname': None,
          'image_pull_secrets': None,
          'init_containers': None,
          'node_name': 'worker-2.plz.shield-pg0.utah.cloudlab.us',
          'node_selector': None,
          'priority': 0,
          'priority_class_name': None,
          'readiness_gates': None,
          'restart_policy': 'Never',
          'runtime_class_name': None,
          'scheduler_name': 'my-scheduler',
          'security_context': {'fs_group': None,
                               'run_as_group': None,
                               'run_as_non_root': None,
                               'run_as_user': None,
                               'se_linux_options': None,
                               'supplemental_groups': None,
                               'sysctls': None},
          'service_account': 'default',
          'service_account_name': 'default',
          'share_process_namespace': None,
          'subdomain': None,
          'termination_grace_period_seconds': 30,
          'tolerations': [{'effect': 'NoExecute',
                           'key': 'node.kubernetes.io/not-ready',
                           'operator': 'Exists',
                           'toleration_seconds': 300,
                           'value': None},
                          {'effect': 'NoExecute',
                           'key': 'node.kubernetes.io/unreachable',
                           'operator': 'Exists',
                           'toleration_seconds': 300,
                           'value': None}],
          'volumes': [{'aws_elastic_block_store': None,
                       'azure_disk': None,
                       'azure_file': None,
                       'cephfs': None,
                       'cinder': None,
                       'config_map': None,
                       'csi': None,
                       'downward_api': None,
                       'empty_dir': None,
                       'fc': None,
                       'flex_volume': None,
                       'flocker': None,
                       'gce_persistent_disk': None,
                       'git_repo': None,
                       'glusterfs': None,
                       'host_path': None,
                       'iscsi': None,
                       'name': 'task-pv-storage',
                       'nfs': None,
                       'persistent_volume_claim': {'claim_name': 'pvc1-nfs',
                                                   'read_only': None},
                       'photon_persistent_disk': None,
                       'portworx_volume': None,
                       'projected': None,
                       'quobyte': None,
                       'rbd': None,
                       'scale_io': None,
                       'secret': None,
                       'storageos': None,
                       'vsphere_volume': None},
                      {'aws_elastic_block_store': None,
                       'azure_disk': None,
                       'azure_file': None,
                       'cephfs': None,
                       'cinder': None,
                       'config_map': None,
                       'csi': None,
                       'downward_api': None,
                       'empty_dir': None,
                       'fc': None,
                       'flex_volume': None,
                       'flocker': None,
                       'gce_persistent_disk': None,
                       'git_repo': None,
                       'glusterfs': None,
                       'host_path': None,
                       'iscsi': None,
                       'name': 'default-token-k87x8',
                       'nfs': None,
                       'persistent_volume_claim': None,
                       'photon_persistent_disk': None,
                       'portworx_volume': None,
                       'projected': None,
                       'quobyte': None,
                       'rbd': None,
                       'scale_io': None,
                       'secret': {'default_mode': 420,
                                  'items': None,
                                  'optional': None,
                                  'secret_name': 'default-token-k87x8'},
                       'storageos': None,
                       'vsphere_volume': None}]},
 'status': {'conditions': [{'last_probe_time': None,
                            'last_transition_time': datetime.datetime(2019, 7, 24, 20, 43, 51, tzinfo=tzutc()),
                            'message': None,
                            'reason': 'PodCompleted',
                            'status': 'True',
                            'type': 'Initialized'},
                           {'last_probe_time': None,
                            'last_transition_time': datetime.datetime(2019, 7, 24, 20, 48, 28, tzinfo=tzutc()),
                            'message': None,
                            'reason': 'PodCompleted',
                            'status': 'False',
                            'type': 'Ready'},
                           {'last_probe_time': None,
                            'last_transition_time': datetime.datetime(2019, 7, 24, 20, 48, 28, tzinfo=tzutc()),
                            'message': None,
                            'reason': 'PodCompleted',
                            'status': 'False',
                            'type': 'ContainersReady'},
                           {'last_probe_time': None,
                            'last_transition_time': datetime.datetime(2019, 7, 24, 20, 43, 57, tzinfo=tzutc()),
                            'message': None,
                            'reason': None,
                            'status': 'True',
                            'type': 'PodScheduled'}],
            'container_statuses': [{'container_id': 'docker://0a84a903ff473ecbfe1b975bf10f66be3190ba30b22629754a1bd7a831204c97',
                                    'image': 'fuyuqi1995/june-lenet:latest',
                                    'image_id': 'docker-pullable://fuyuqi1995/june-lenet@sha256:3f3e4da3bac40e58deedee153ef20db5e41924ec55ff96a9e476bf63015f63c3',
                                    'last_state': {'running': None,
                                                   'terminated': None,
                                                   'waiting': None},
                                    'name': 'lenet-test-epoch',
                                    'ready': False,
                                    'restart_count': 0,
                                    'state': {'running': None,
                                              'terminated': {'container_id': 'docker://0a84a903ff473ecbfe1b975bf10f66be3190ba30b22629754a1bd7a831204c97',
                                                             'exit_code': 0,
                                                             'finished_at': datetime.datetime(2019, 7, 24, 20, 48, 28, tzinfo=tzutc()),
                                                             'message': None,
                                                             'reason': 'Completed',
                                                             'signal': None,
                                                             'started_at': datetime.datetime(2019, 7, 24, 20, 43, 54, tzinfo=tzutc())},
                                              'waiting': None}}],
            'host_ip': '128.110.153.127',
            'init_container_statuses': None,
            'message': None,
            'nominated_node_name': None,
            'phase': 'Succeeded',
            'pod_ip': '10.244.2.208',
            'qos_class': 'BestEffort',
            'reason': None,
            'start_time': datetime.datetime(2019, 7, 24, 20, 43, 51, tzinfo=tzutc())}}
ERROR:root:{'api_version': None,
 'kind': None,
 'metadata': {'annotations': {u'kubectl.kubernetes.io/last-applied-configuration': '{"apiVersion":"v1","kind":"Pod","metadata":{"annotations":{},"name":"job8-tf-birnn","namespace":"default"},"spec":{"containers":[{"args":["bi_rnn_log.py","10000","/root/birnn/job8-tf-birnn.csv","job8-tf-birnn"],"command":["python"],"image":"zsl3203/birnn_log","name":"bi-rnn","volumeMounts":[{"mountPath":"/root/birnn/","name":"task-pv-storage"}]}],"restartPolicy":"Never","schedulerName":"my-scheduler","volumes":[{"name":"task-pv-storage","persistentVolumeClaim":{"claimName":"pvc1-nfs"}}]}}\n'},
              'cluster_name': None,
              'creation_timestamp': datetime.datetime(2019, 7, 24, 20, 42, 3, tzinfo=tzutc()),
              'deletion_grace_period_seconds': None,
              'deletion_timestamp': None,
              'finalizers': None,
              'generate_name': None,
              'generation': None,
              'initializers': None,
              'labels': None,
              'managed_fields': None,
              'name': 'job8-tf-birnn',
              'namespace': 'default',
              'owner_references': None,
              'resource_version': '962983',
              'self_link': '/api/v1/namespaces/default/pods/job8-tf-birnn',
              'uid': 'b9e4417a-35dc-4c98-a39b-d84f62d5fe45'},
 'spec': {'active_deadline_seconds': None,
          'affinity': None,
          'automount_service_account_token': None,
          'containers': [{'args': ['bi_rnn_log.py',
                                   '10000',
                                   '/root/birnn/job8-tf-birnn.csv',
                                   'job8-tf-birnn'],
                          'command': ['python'],
                          'env': None,
                          'env_from': None,
                          'image': 'zsl3203/birnn_log',
                          'image_pull_policy': 'Always',
                          'lifecycle': None,
                          'liveness_probe': None,
                          'name': 'bi-rnn',
                          'ports': None,
                          'readiness_probe': None,
                          'resources': {'limits': None, 'requests': None},
                          'security_context': None,
                          'stdin': None,
                          'stdin_once': None,
                          'termination_message_path': '/dev/termination-log',
                          'termination_message_policy': 'File',
                          'tty': None,
                          'volume_devices': None,
                          'volume_mounts': [{'mount_path': '/root/birnn/',
                                             'mount_propagation': None,
                                             'name': 'task-pv-storage',
                                             'read_only': None,
                                             'sub_path': None,
                                             'sub_path_expr': None},
                                            {'mount_path': '/var/run/secrets/kubernetes.io/serviceaccount',
                                             'mount_propagation': None,
                                             'name': 'default-token-k87x8',
                                             'read_only': True,
                                             'sub_path': None,
                                             'sub_path_expr': None}],
                          'working_dir': None}],
          'dns_config': None,
          'dns_policy': 'ClusterFirst',
          'enable_service_links': True,
          'host_aliases': None,
          'host_ipc': None,
          'host_network': None,
          'host_pid': None,
          'hostname': None,
          'image_pull_secrets': None,
          'init_containers': None,
          'node_name': 'worker-3.plz.shield-pg0.utah.cloudlab.us',
          'node_selector': None,
          'priority': 0,
          'priority_class_name': None,
          'readiness_gates': None,
          'restart_policy': 'Never',
          'runtime_class_name': None,
          'scheduler_name': 'my-scheduler',
          'security_context': {'fs_group': None,
                               'run_as_group': None,
                               'run_as_non_root': None,
                               'run_as_user': None,
                               'se_linux_options': None,
                               'supplemental_groups': None,
                               'sysctls': None},
          'service_account': 'default',
          'service_account_name': 'default',
          'share_process_namespace': None,
          'subdomain': None,
          'termination_grace_period_seconds': 30,
          'tolerations': [{'effect': 'NoExecute',
                           'key': 'node.kubernetes.io/not-ready',
                           'operator': 'Exists',
                           'toleration_seconds': 300,
                           'value': None},
                          {'effect': 'NoExecute',
                           'key': 'node.kubernetes.io/unreachable',
                           'operator': 'Exists',
                           'toleration_seconds': 300,
                           'value': None}],
          'volumes': [{'aws_elastic_block_store': None,
                       'azure_disk': None,
                       'azure_file': None,
                       'cephfs': None,
                       'cinder': None,
                       'config_map': None,
                       'csi': None,
                       'downward_api': None,
                       'empty_dir': None,
                       'fc': None,
                       'flex_volume': None,
                       'flocker': None,
                       'gce_persistent_disk': None,
                       'git_repo': None,
                       'glusterfs': None,
                       'host_path': None,
                       'iscsi': None,
                       'name': 'task-pv-storage',
                       'nfs': None,
                       'persistent_volume_claim': {'claim_name': 'pvc1-nfs',
                                                   'read_only': None},
                       'photon_persistent_disk': None,
                       'portworx_volume': None,
                       'projected': None,
                       'quobyte': None,
                       'rbd': None,
                       'scale_io': None,
                       'secret': None,
                       'storageos': None,
                       'vsphere_volume': None},
                      {'aws_elastic_block_store': None,
                       'azure_disk': None,
                       'azure_file': None,
                       'cephfs': None,
                       'cinder': None,
                       'config_map': None,
                       'csi': None,
                       'downward_api': None,
                       'empty_dir': None,
                       'fc': None,
                       'flex_volume': None,
                       'flocker': None,
                       'gce_persistent_disk': None,
                       'git_repo': None,
                       'glusterfs': None,
                       'host_path': None,
                       'iscsi': None,
                       'name': 'default-token-k87x8',
                       'nfs': None,
                       'persistent_volume_claim': None,
                       'photon_persistent_disk': None,
                       'portworx_volume': None,
                       'projected': None,
                       'quobyte': None,
                       'rbd': None,
                       'scale_io': None,
                       'secret': {'default_mode': 420,
                                  'items': None,
                                  'optional': None,
                                  'secret_name': 'default-token-k87x8'},
                       'storageos': None,
                       'vsphere_volume': None}]},
 'status': {'conditions': [{'last_probe_time': None,
                            'last_transition_time': datetime.datetime(2019, 7, 24, 20, 42, 9, tzinfo=tzutc()),
                            'message': None,
                            'reason': 'PodCompleted',
                            'status': 'True',
                            'type': 'Initialized'},
                           {'last_probe_time': None,
                            'last_transition_time': datetime.datetime(2019, 7, 24, 20, 52, 40, tzinfo=tzutc()),
                            'message': None,
                            'reason': 'PodCompleted',
                            'status': 'False',
                            'type': 'Ready'},
                           {'last_probe_time': None,
                            'last_transition_time': datetime.datetime(2019, 7, 24, 20, 52, 40, tzinfo=tzutc()),
                            'message': None,
                            'reason': 'PodCompleted',
                            'status': 'False',
                            'type': 'ContainersReady'},
                           {'last_probe_time': None,
                            'last_transition_time': datetime.datetime(2019, 7, 24, 20, 42, 3, tzinfo=tzutc()),
                            'message': None,
                            'reason': None,
                            'status': 'True',
                            'type': 'PodScheduled'}],
            'container_statuses': [{'container_id': 'docker://bbd404dd078dd1afe098cb88eaaf2ca464605a597cb99be0685fbb054c884e38',
                                    'image': 'zsl3203/birnn_log:latest',
                                    'image_id': 'docker-pullable://zsl3203/birnn_log@sha256:c84919f1aa7b15f86831cb30d4d5b9701136b7faa4fbd401967343f6b207519f',
                                    'last_state': {'running': None,
                                                   'terminated': None,
                                                   'waiting': None},
                                    'name': 'bi-rnn',
                                    'ready': False,
                                    'restart_count': 0,
                                    'state': {'running': None,
                                              'terminated': {'container_id': 'docker://bbd404dd078dd1afe098cb88eaaf2ca464605a597cb99be0685fbb054c884e38',
                                                             'exit_code': 0,
                                                             'finished_at': datetime.datetime(2019, 7, 24, 20, 52, 39, tzinfo=tzutc()),
                                                             'message': None,
                                                             'reason': 'Completed',
                                                             'signal': None,
                                                             'started_at': datetime.datetime(2019, 7, 24, 20, 42, 11, tzinfo=tzutc())},
                                              'waiting': None}}],
            'host_ip': '128.110.153.123',
            'init_container_statuses': None,
            'message': None,
            'nominated_node_name': None,
            'phase': 'Succeeded',
            'pod_ip': '10.244.1.221',
            'qos_class': 'BestEffort',
            'reason': None,
            'start_time': datetime.datetime(2019, 7, 24, 20, 42, 9, tzinfo=tzutc())}}
